<?xml version="1.0" encoding="UTF-8"?>
<!-- Generated by org.testng.reporters.JUnitReportReporter -->
<testsuite hostname="DESKTOP-Q0I5IBA" failures="0" tests="1" name="testng_Basics.TC16_ToSearchAnItem" time="1.258" errors="0" timestamp="2023-04-19T12:28:00 IST" skipped="0">
  <testcase classname="testng_Basics.TC16_ToSearchAnItem" name="search" time="1.258"/>
  <system-out/>
</testsuite> <!-- testng_Basics.TC16_ToSearchAnItem -->
