<?xml version="1.0" encoding="UTF-8"?>
<!-- Generated by org.testng.reporters.JUnitReportReporter -->
<testsuite hostname="DESKTOP-Q0I5IBA" failures="0" tests="3" name="testng_Basics.sample_test_configuration" time="0.023" errors="0" timestamp="2023-04-05T15:33:39 IST" skipped="0">
  <testcase classname="testng_Basics.sample_test_configuration" name="test1" time="0.007"/>
  <system-out/>
  <testcase classname="testng_Basics.sample_test_configuration" name="test" time="0.012"/>
  <system-out/>
  <testcase classname="testng_Basics.sample_test_configuration" name="test3" time="0.004"/>
  <system-out/>
</testsuite> <!-- testng_Basics.sample_test_configuration -->
