<?xml version="1.0" encoding="UTF-8"?>
<!-- Generated by org.testng.reporters.JUnitReportReporter -->
<testsuite hostname="DESKTOP-Q0I5IBA" failures="0" tests="1" name="testng_topics.par" time="0.011" errors="0" timestamp="2023-06-02T11:58:24 IST" skipped="0">
  <testcase classname="testng_topics.par" name="met" time="0.011"/>
  <system-out/>
</testsuite> <!-- testng_topics.par -->
