<?xml version="1.0" encoding="UTF-8"?>
<!-- Generated by org.testng.reporters.JUnitReportReporter -->
<testsuite hostname="DESKTOP-Q0I5IBA" failures="0" tests="5" name="testng_topics.Working_with_Include_Exclude" time="0.026" errors="0" timestamp="2023-06-02T11:33:29 IST" skipped="0">
  <testcase classname="testng_topics.Working_with_Include_Exclude" name="search" time="0.005"/>
  <system-out/>
  <testcase classname="testng_topics.Working_with_Include_Exclude" name="profile" time="0.002"/>
  <system-out/>
  <testcase classname="testng_topics.Working_with_Include_Exclude" name="AddToCart" time="0.012"/>
  <system-out/>
  <testcase classname="testng_topics.Working_with_Include_Exclude" name="login" time="0.004"/>
  <system-out/>
  <testcase classname="testng_topics.Working_with_Include_Exclude" name="register" time="0.003"/>
  <system-out/>
</testsuite> <!-- testng_topics.Working_with_Include_Exclude -->
