<?xml version="1.0" encoding="UTF-8"?>
<!-- Generated by org.testng.reporters.JUnitReportReporter -->
<testsuite hostname="DESKTOP-Q0I5IBA" failures="0" tests="1" name="testng_Basics.TC2_loginTestCase" time="51.355" errors="0" timestamp="2023-06-02T14:30:52 IST" skipped="0">
  <testcase classname="testng_Basics.TC2_loginTestCase" name="login" time="51.355"/>
  <system-out/>
</testsuite> <!-- testng_Basics.TC2_loginTestCase -->
