<?xml version="1.0" encoding="UTF-8"?>
<!-- Generated by org.testng.reporters.JUnitReportReporter -->
<testsuite hostname="DESKTOP-Q0I5IBA" failures="0" tests="1" name="testng_Basics.TC6_HoverAndSelectAnItem" time="3.459" errors="0" timestamp="2023-04-19T12:28:01 IST" skipped="0">
  <testcase classname="testng_Basics.TC6_HoverAndSelectAnItem" name="hover" time="3.459"/>
  <system-out/>
</testsuite> <!-- testng_Basics.TC6_HoverAndSelectAnItem -->
