<?xml version="1.0" encoding="UTF-8"?>
<!-- Generated by org.testng.reporters.JUnitReportReporter -->
<testsuite hostname="DESKTOP-Q0I5IBA" failures="0" tests="1" name="testng_Basics.sample_text" time="0.003" errors="0" timestamp="2023-04-05T14:49:20 IST" skipped="0">
  <testcase classname="testng_Basics.sample_text" name="register" time="0.003"/>
  <system-out/>
</testsuite> <!-- testng_Basics.sample_text -->
