<?xml version="1.0" encoding="UTF-8"?>
<!-- Generated by org.testng.reporters.JUnitReportReporter -->
<testsuite hostname="DESKTOP-Q0I5IBA" failures="0" tests="3" name="testng_Basics.sample_test_priorityForAnnotations" time="0.017" errors="0" timestamp="2023-04-05T15:43:01 IST" skipped="0">
  <testcase classname="testng_Basics.sample_test_priorityForAnnotations" name="register" time="0.012"/>
  <system-out/>
  <testcase classname="testng_Basics.sample_test_priorityForAnnotations" name="login" time="0.003"/>
  <system-out/>
  <testcase classname="testng_Basics.sample_test_priorityForAnnotations" name="search" time="0.002"/>
  <system-out/>
</testsuite> <!-- testng_Basics.sample_test_priorityForAnnotations -->
