<?xml version="1.0" encoding="UTF-8"?>
<!-- Generated by org.testng.reporters.JUnitReportReporter -->
<testsuite hostname="DESKTOP-Q0I5IBA" failures="0" tests="2" name="testng_topics.Working_with_parameter" time="0.019" errors="0" timestamp="2023-06-02T11:53:40 IST" skipped="0">
  <testcase classname="testng_topics.Working_with_parameter" name="sy" time="0.006"/>
  <system-out/>
  <testcase classname="testng_topics.Working_with_parameter" name="demo" time="0.013"/>
  <system-out/>
</testsuite> <!-- testng_topics.Working_with_parameter -->
