<?xml version="1.0" encoding="UTF-8"?>
<!-- Generated by org.testng.reporters.JUnitReportReporter -->
<testsuite hostname="DESKTOP-Q0I5IBA" failures="0" tests="1" name="testng_topics.sample_text" time="0.010" errors="0" timestamp="2023-06-02T11:13:06 IST" skipped="0">
  <testcase classname="testng_topics.sample_text" name="register" time="0.010"/>
  <system-out/>
</testsuite> <!-- testng_topics.sample_text -->
