<?xml version="1.0" encoding="UTF-8"?>
<!-- Generated by org.testng.reporters.JUnitReportReporter -->
<testsuite hostname="DESKTOP-Q0I5IBA" failures="0" tests="5" name="WorkingWithExcel.excel_assignment" time="0.013" errors="0" timestamp="2023-04-19T12:20:32 IST" skipped="0">
  <testcase classname="WorkingWithExcel.excel_assignment" name="data" time="0.004"/>
  <system-out/>
  <testcase classname="WorkingWithExcel.excel_assignment" name="data" time="0.002"/>
  <system-out/>
  <testcase classname="WorkingWithExcel.excel_assignment" name="data" time="0.002"/>
  <system-out/>
  <testcase classname="WorkingWithExcel.excel_assignment" name="data" time="0.002"/>
  <system-out/>
  <testcase classname="WorkingWithExcel.excel_assignment" name="data" time="0.003"/>
  <system-out/>
</testsuite> <!-- WorkingWithExcel.excel_assignment -->
