<?xml version="1.0" encoding="UTF-8"?>
<!-- Generated by org.testng.reporters.JUnitReportReporter -->
<testsuite hostname="DESKTOP-Q0I5IBA" failures="0" tests="3" name="testng_topics.sample_test_priorityForAnnotations" time="0.027" errors="0" timestamp="2023-06-02T11:35:36 IST" skipped="0">
  <testcase classname="testng_topics.sample_test_priorityForAnnotations" name="login" time="0.001"/>
  <system-out/>
  <testcase classname="testng_topics.sample_test_priorityForAnnotations" name="search" time="0.004"/>
  <system-out/>
  <testcase classname="testng_topics.sample_test_priorityForAnnotations" name="register" time="0.022"/>
  <system-out/>
</testsuite> <!-- testng_topics.sample_test_priorityForAnnotations -->
