<?xml version="1.0" encoding="UTF-8"?>
<!-- Generated by org.testng.reporters.JUnitReportReporter -->
<testsuite hostname="DESKTOP-Q0I5IBA" failures="0" tests="1" name="testng_Basics.TC11_ToSelectAnItemThroughSortByPosition" time="2.873" errors="0" timestamp="2023-04-19T12:28:00 IST" skipped="0">
  <testcase classname="testng_Basics.TC11_ToSelectAnItemThroughSortByPosition" name="newsletter" time="2.873"/>
  <system-out/>
</testsuite> <!-- testng_Basics.TC11_ToSelectAnItemThroughSortByPosition -->
