<?xml version="1.0" encoding="UTF-8"?>
<!-- Generated by org.testng.reporters.JUnitReportReporter -->
<testsuite hostname="DESKTOP-Q0I5IBA" failures="0" tests="3" name="testng_topics.sample_test_configuration" time="0.019" errors="0" timestamp="2023-06-02T11:13:30 IST" skipped="0">
  <testcase classname="testng_topics.sample_test_configuration" name="test" time="0.009"/>
  <system-out/>
  <testcase classname="testng_topics.sample_test_configuration" name="test3" time="0.003"/>
  <system-out/>
  <testcase classname="testng_topics.sample_test_configuration" name="test1" time="0.007"/>
  <system-out/>
</testsuite> <!-- testng_topics.sample_test_configuration -->
