<?xml version="1.0" encoding="UTF-8"?>
<!-- Generated by org.testng.reporters.JUnitReportReporter -->
<testsuite hostname="DESKTOP-Q0I5IBA" failures="0" tests="1" name="testng_topics.WorkingWithWait" time="29.463" errors="0" timestamp="2023-04-19T08:00:32 IST" skipped="0">
  <testcase classname="testng_topics.WorkingWithWait" name="waitoperations" time="29.463"/>
  <system-out/>
</testsuite> <!-- testng_topics.WorkingWithWait -->
