<?xml version="1.0" encoding="UTF-8"?>
<!-- Generated by org.testng.reporters.JUnitReportReporter -->
<testsuite hostname="DESKTOP-Q0I5IBA" failures="0" tests="1" name="testng_Basics.TC7_AddAnItemToCart" time="15.422" errors="0" timestamp="2023-04-05T10:44:26 IST" skipped="0">
  <testcase classname="testng_Basics.TC7_AddAnItemToCart" name="cart" time="15.422"/>
  <system-out/>
</testsuite> <!-- testng_Basics.TC7_AddAnItemToCart -->
