<?xml version="1.0" encoding="UTF-8"?>
<!-- Generated by org.testng.reporters.JUnitReportReporter -->
<testsuite hostname="DESKTOP-Q0I5IBA" failures="0" tests="4" name="testng_Basics.SampleTestExecutingMethodsOrder" time="0.023" errors="0" timestamp="2023-04-05T15:35:03 IST" skipped="0">
  <testcase classname="testng_Basics.SampleTestExecutingMethodsOrder" name="A" time="0.013"/>
  <system-out/>
  <testcase classname="testng_Basics.SampleTestExecutingMethodsOrder" name="a" time="0.003"/>
  <system-out/>
  <testcase classname="testng_Basics.SampleTestExecutingMethodsOrder" name="b" time="0.004"/>
  <system-out/>
  <testcase classname="testng_Basics.SampleTestExecutingMethodsOrder" name="B" time="0.003"/>
  <system-out/>
</testsuite> <!-- testng_Basics.SampleTestExecutingMethodsOrder -->
