<?xml version="1.0" encoding="UTF-8"?>
<!-- Generated by org.testng.reporters.JUnitReportReporter -->
<testsuite hostname="DESKTOP-Q0I5IBA" failures="0" tests="4" name="testng_topics.SampleTestExecutingMethodsOrder" time="0.025" errors="0" timestamp="2023-06-02T11:18:13 IST" skipped="0">
  <testcase classname="testng_topics.SampleTestExecutingMethodsOrder" name="A" time="0.014"/>
  <system-out/>
  <testcase classname="testng_topics.SampleTestExecutingMethodsOrder" name="b" time="0.002"/>
  <system-out/>
  <testcase classname="testng_topics.SampleTestExecutingMethodsOrder" name="B" time="0.007"/>
  <system-out/>
  <testcase classname="testng_topics.SampleTestExecutingMethodsOrder" name="a" time="0.002"/>
  <system-out/>
</testsuite> <!-- testng_topics.SampleTestExecutingMethodsOrder -->
