<?xml version="1.0" encoding="UTF-8"?>
<!-- Generated by org.testng.reporters.JUnitReportReporter -->
<testsuite hostname="DESKTOP-Q0I5IBA" failures="0" tests="1" name="WorkingWithExcel.WorkingWithExcelData" time="0.136" errors="0" timestamp="2023-04-19T12:20:32 IST" skipped="0">
  <testcase classname="WorkingWithExcel.WorkingWithExcelData" name="demo" time="0.136"/>
  <system-out/>
</testsuite> <!-- WorkingWithExcel.WorkingWithExcelData -->
