<?xml version="1.0" encoding="UTF-8"?>
<!-- Generated by org.testng.reporters.JUnitReportReporter -->
<testsuite hostname="DESKTOP-Q0I5IBA" failures="0" tests="2" name="testng_topics.Working_With_DataProvider" time="0.011" errors="0" timestamp="2023-06-02T11:38:57 IST" skipped="0">
  <testcase classname="testng_topics.Working_With_DataProvider" name="webshop" time="0.009"/>
  <system-out/>
  <testcase classname="testng_topics.Working_With_DataProvider" name="webshop" time="0.002"/>
  <system-out/>
</testsuite> <!-- testng_topics.Working_With_DataProvider -->
